<?xml version="1.0" encoding="UTF-8"?>
<testng-results ignored="0" total="1" passed="1" failed="0" skipped="0">
  <reporter-output>
  </reporter-output>
  <suite started-at="2024-07-16T14:37:45 IST" name="Default suite" finished-at="2024-07-16T14:38:17 IST" duration-ms="32756">
    <groups>
    </groups>
    <test started-at="2024-07-16T14:37:45 IST" name="Default test" finished-at="2024-07-16T14:38:17 IST" duration-ms="32756">
      <class name="automation.Createdriver">
        <test-method is-config="true" signature="create()[pri:0, instance:automation.Createdriver@4a003cbe]" started-at="2024-07-16T14:37:45 IST" name="create" finished-at="2024-07-16T14:38:11 IST" duration-ms="26034" status="PASS">
          <reporter-output>
          </reporter-output>
        </test-method> <!-- create -->
        <test-method signature="testcase()[pri:0, instance:automation.Createdriver@4a003cbe]" started-at="2024-07-16T14:38:11 IST" name="testcase" finished-at="2024-07-16T14:38:17 IST" duration-ms="6661" status="PASS">
          <reporter-output>
          </reporter-output>
        </test-method> <!-- testcase -->
        <test-method is-config="true" signature="CloseBrowser()[pri:0, instance:automation.Createdriver@4a003cbe]" started-at="2024-07-16T14:38:17 IST" name="CloseBrowser" finished-at="2024-07-16T14:38:17 IST" duration-ms="1" status="PASS">
          <reporter-output>
          </reporter-output>
        </test-method> <!-- CloseBrowser -->
      </class> <!-- automation.Createdriver -->
    </test> <!-- Default test -->
  </suite> <!-- Default suite -->
</testng-results>
